THIS FILE CONTAINS THE METADATA ABOUT SYSTEM AND RUNTIME


-------System Info-------
Operating System Name: Darwin
Nodename: Hsiao-Yus-Air
Release: 22.4.0
Version: Darwin Kernel Version 22.4.0: Mon Mar  6 21:00:41 PST 2023; root:xnu-8796.101.5~3/RELEASE_ARM64_T8103

-------Python and Package Versions------- 
Python Version: 3.11.0
SigProfilerMatrixGenerator Version: 1.2.17
SigProfilerPlotting version: 1.3.14
matplotlib version: 3.7.1
statsmodels version: 0.14.0
scipy version: 1.10.1
pandas version: 1.5.3
numpy version: 1.25.0

-------Vital Parameters Used for the execution -------
Project: TCGA_vcf
Genome: GRCh38
Input File Path: TCGA_vcf/
exome: False
bed_file: None
chrom_based: False
plot: False
tsb_stat: False
seqInfo: True

-------Date and Time Data------- 
Date and Clock time when the execution started: 2023-07-04 16:41:57.369143


-------Runtime Checkpoints------- 
Chromosome Y done
Chromosome 1 done
Chromosome 11 done
Chromosome 16 done
Chromosome 6 done
Chromosome 9 done
Chromosome 19 done
Chromosome 17 done
Chromosome 7 done
Chromosome 8 done
Chromosome 18 done
Chromosome X done
Chromosome 22 done
Chromosome 10 done
Chromosome 5 done
Chromosome 15 done
Chromosome MT done
Chromosome 20 done
Chromosome 12 done
Chromosome 2 done
Chromosome 21 done
Chromosome 13 done
Chromosome 3 done
Chromosome 4 done
Chromosome 14 done
